
ACC_average: 0.7475409836065573
Sens_average: 0.683132551528074
Spec_average: 0.8120771144278607
MCC_average: 0.5039999156229973
ROC_average: 0.8444625088841506
PRC_average: 0.8507139398824739
(671, 1)
nohup: ignoring input
Using TensorFlow backend.
/home/lyli/miniconda3/envs/SeqPose/lib/python3.7/site-packages/tensorflow/python/framework/dtypes.py:516: FutureWarning: Passing (type, 1) or '1type' as a synonym of type is deprecated; in a future version of numpy, it will be understood as (type, (1,)) / '(1,)type'.
  _np_qint8 = np.dtype([("qint8", np.int8, 1)])
/home/lyli/miniconda3/envs/SeqPose/lib/python3.7/site-packages/tensorflow/python/framework/dtypes.py:517: FutureWarning: Passing (type, 1) or '1type' as a synonym of type is deprecated; in a future version of numpy, it will be understood as (type, (1,)) / '(1,)type'.
  _np_quint8 = np.dtype([("quint8", np.uint8, 1)])
/home/lyli/miniconda3/envs/SeqPose/lib/python3.7/site-packages/tensorflow/python/framework/dtypes.py:518: FutureWarning: Passing (type, 1) or '1type' as a synonym of type is deprecated; in a future version of numpy, it will be understood as (type, (1,)) / '(1,)type'.
  _np_qint16 = np.dtype([("qint16", np.int16, 1)])
/home/lyli/miniconda3/envs/SeqPose/lib/python3.7/site-packages/tensorflow/python/framework/dtypes.py:519: FutureWarning: Passing (type, 1) or '1type' as a synonym of type is deprecated; in a future version of numpy, it will be understood as (type, (1,)) / '(1,)type'.
  _np_quint16 = np.dtype([("quint16", np.uint16, 1)])
/home/lyli/miniconda3/envs/SeqPose/lib/python3.7/site-packages/tensorflow/python/framework/dtypes.py:520: FutureWarning: Passing (type, 1) or '1type' as a synonym of type is deprecated; in a future version of numpy, it will be understood as (type, (1,)) / '(1,)type'.
  _np_qint32 = np.dtype([("qint32", np.int32, 1)])
/home/lyli/miniconda3/envs/SeqPose/lib/python3.7/site-packages/tensorflow/python/framework/dtypes.py:525: FutureWarning: Passing (type, 1) or '1type' as a synonym of type is deprecated; in a future version of numpy, it will be understood as (type, (1,)) / '(1,)type'.
  np_resource = np.dtype([("resource", np.ubyte, 1)])
/home/lyli/miniconda3/envs/SeqPose/lib/python3.7/site-packages/tensorboard/compat/tensorflow_stub/dtypes.py:541: FutureWarning: Passing (type, 1) or '1type' as a synonym of type is deprecated; in a future version of numpy, it will be understood as (type, (1,)) / '(1,)type'.
  _np_qint8 = np.dtype([("qint8", np.int8, 1)])
/home/lyli/miniconda3/envs/SeqPose/lib/python3.7/site-packages/tensorboard/compat/tensorflow_stub/dtypes.py:542: FutureWarning: Passing (type, 1) or '1type' as a synonym of type is deprecated; in a future version of numpy, it will be understood as (type, (1,)) / '(1,)type'.
  _np_quint8 = np.dtype([("quint8", np.uint8, 1)])
/home/lyli/miniconda3/envs/SeqPose/lib/python3.7/site-packages/tensorboard/compat/tensorflow_stub/dtypes.py:543: FutureWarning: Passing (type, 1) or '1type' as a synonym of type is deprecated; in a future version of numpy, it will be understood as (type, (1,)) / '(1,)type'.
  _np_qint16 = np.dtype([("qint16", np.int16, 1)])
/home/lyli/miniconda3/envs/SeqPose/lib/python3.7/site-packages/tensorboard/compat/tensorflow_stub/dtypes.py:544: FutureWarning: Passing (type, 1) or '1type' as a synonym of type is deprecated; in a future version of numpy, it will be understood as (type, (1,)) / '(1,)type'.
  _np_quint16 = np.dtype([("quint16", np.uint16, 1)])
/home/lyli/miniconda3/envs/SeqPose/lib/python3.7/site-packages/tensorboard/compat/tensorflow_stub/dtypes.py:545: FutureWarning: Passing (type, 1) or '1type' as a synonym of type is deprecated; in a future version of numpy, it will be understood as (type, (1,)) / '(1,)type'.
  _np_qint32 = np.dtype([("qint32", np.int32, 1)])
/home/lyli/miniconda3/envs/SeqPose/lib/python3.7/site-packages/tensorboard/compat/tensorflow_stub/dtypes.py:550: FutureWarning: Passing (type, 1) or '1type' as a synonym of type is deprecated; in a future version of numpy, it will be understood as (type, (1,)) / '(1,)type'.
  np_resource = np.dtype([("resource", np.ubyte, 1)])
WARNING:tensorflow:From /home/lyli/miniconda3/envs/SeqPose/lib/python3.7/site-packages/keras/backend/tensorflow_backend.py:107: The name tf.reset_default_graph is deprecated. Please use tf.compat.v1.reset_default_graph instead.

WARNING:tensorflow:From /home/lyli/miniconda3/envs/SeqPose/lib/python3.7/site-packages/keras/backend/tensorflow_backend.py:111: The name tf.placeholder_with_default is deprecated. Please use tf.compat.v1.placeholder_with_default instead.

WARNING:tensorflow:From /home/lyli/miniconda3/envs/SeqPose/lib/python3.7/site-packages/keras/backend/tensorflow_backend.py:66: The name tf.get_default_graph is deprecated. Please use tf.compat.v1.get_default_graph instead.

2023-05-26 19:31:29.190517: I tensorflow/core/platform/cpu_feature_guard.cc:142] Your CPU supports instructions that this TensorFlow binary was not compiled to use: SSE4.1 SSE4.2 AVX AVX2 AVX512F FMA
2023-05-26 19:31:29.228133: I tensorflow/core/platform/profile_utils/cpu_utils.cc:94] CPU Frequency: 2400000000 Hz
2023-05-26 19:31:29.260666: I tensorflow/compiler/xla/service/service.cc:168] XLA service 0x557529f13320 executing computations on platform Host. Devices:
2023-05-26 19:31:29.260715: I tensorflow/compiler/xla/service/service.cc:175]   StreamExecutor device (0): <undefined>, <undefined>
2023-05-26 19:31:29.299384: W tensorflow/compiler/jit/mark_for_compilation_pass.cc:1412] (One-time warning): Not using XLA:CPU for cluster because envvar TF_XLA_FLAGS=--tf_xla_cpu_global_jit was not set.  If you want XLA:CPU, either set that envvar, or use experimental_jit_scope to enable XLA:CPU.  To confirm that XLA is active, pass --vmodule=xla_compilation_cache=1 (as a proper command-line flag, not via TF_XLA_FLAGS) or set the envvar XLA_FLAGS=--xla_hlo_profile.
WARNING:tensorflow:No training configuration found in save file: the model was *not* compiled. Compile it manually.
WARNING:tensorflow:From /home/lyli/miniconda3/envs/SeqPose/lib/python3.7/site-packages/keras/backend/tensorflow_backend.py:541: The name tf.placeholder is deprecated. Please use tf.compat.v1.placeholder instead.

WARNING:tensorflow:From /home/lyli/miniconda3/envs/SeqPose/lib/python3.7/site-packages/keras/backend/tensorflow_backend.py:4432: The name tf.random_uniform is deprecated. Please use tf.random.uniform instead.

WARNING:tensorflow:From /home/lyli/miniconda3/envs/SeqPose/lib/python3.7/site-packages/keras/backend/tensorflow_backend.py:3733: calling dropout (from tensorflow.python.ops.nn_ops) with keep_prob is deprecated and will be removed in a future version.
Instructions for updating:
Please use `rate` instead of `keep_prob`. Rate should be set to `rate = 1 - keep_prob`.
/data/lyli/Silencer/HepG2/datasets/1679/12D/data_n=20/model/Model_CNN.py:81: UserWarning: Update your `Conv1D` call to the Keras 2 API: `Conv1D(128, 8, activation="relu", padding="same")`
  omics_conv1_ = Conv1D(128, 8, activation='relu', border_mode='same')
/data/lyli/Silencer/HepG2/datasets/1679/12D/data_n=20/model/Model_CNN.py:83: UserWarning: Update your `Conv1D` call to the Keras 2 API: `Conv1D(64, 1, activation="relu", padding="same")`
  omics_conv2_ = Conv1D(64, 1, activation='relu', border_mode='same')
/data/lyli/Silencer/HepG2/datasets/1679/12D/data_n=20/model/Model_CNN.py:85: UserWarning: Update your `Conv1D` call to the Keras 2 API: `Conv1D(64, 3, activation="relu", padding="same")`
  omics_conv3_ = Conv1D(64, 3, activation='relu', border_mode='same')
/data/lyli/Silencer/HepG2/datasets/1679/12D/data_n=20/model/Model_CNN.py:87: UserWarning: Update your `Conv1D` call to the Keras 2 API: `Conv1D(128, 1, activation="relu", padding="same")`
  omics_conv4_ = Conv1D(128, 1, activation='relu', border_mode='same')
/data/lyli/Silencer/HepG2/datasets/1679/12D/data_n=20/model/Model_CNN.py:112: UserWarning: Update your `Model` call to the Keras 2 API: `Model(inputs=[<tf.Tenso..., outputs=[<tf.Tenso...)`
  model = Model(input=[input_seq, inputs_omics], output=[pred_output])
WARNING:tensorflow:From /home/lyli/miniconda3/envs/SeqPose/lib/python3.7/site-packages/keras/optimizers.py:793: The name tf.train.Optimizer is deprecated. Please use tf.compat.v1.train.Optimizer instead.

WARNING:tensorflow:From /home/lyli/miniconda3/envs/SeqPose/lib/python3.7/site-packages/tensorflow/python/ops/nn_impl.py:180: add_dispatch_support.<locals>.wrapper (from tensorflow.python.ops.array_ops) is deprecated and will be removed in a future version.
Instructions for updating:
Use tf.where in 2.0, which has the same broadcast rule as np.where
ACC: 0.7593423019431988
Sens: 0.8154761904761905
Spec: 0.7027027027027027
MCC: 0.521640380518281
ROC_AUC: 0.8507972257972258
PRC_ROC: 0.8609917535221756
WARNING:tensorflow:No training configuration found in save file: the model was *not* compiled. Compile it manually.
/data/lyli/Silencer/HepG2/datasets/1679/12D/data_n=20/model/Model_CNN.py:81: UserWarning: Update your `Conv1D` call to the Keras 2 API: `Conv1D(128, 8, activation="relu", padding="same")`
  omics_conv1_ = Conv1D(128, 8, activation='relu', border_mode='same')
/data/lyli/Silencer/HepG2/datasets/1679/12D/data_n=20/model/Model_CNN.py:83: UserWarning: Update your `Conv1D` call to the Keras 2 API: `Conv1D(64, 1, activation="relu", padding="same")`
  omics_conv2_ = Conv1D(64, 1, activation='relu', border_mode='same')
/data/lyli/Silencer/HepG2/datasets/1679/12D/data_n=20/model/Model_CNN.py:85: UserWarning: Update your `Conv1D` call to the Keras 2 API: `Conv1D(64, 3, activation="relu", padding="same")`
  omics_conv3_ = Conv1D(64, 3, activation='relu', border_mode='same')
/data/lyli/Silencer/HepG2/datasets/1679/12D/data_n=20/model/Model_CNN.py:87: UserWarning: Update your `Conv1D` call to the Keras 2 API: `Conv1D(128, 1, activation="relu", padding="same")`
  omics_conv4_ = Conv1D(128, 1, activation='relu', border_mode='same')
/data/lyli/Silencer/HepG2/datasets/1679/12D/data_n=20/model/Model_CNN.py:112: UserWarning: Update your `Model` call to the Keras 2 API: `Model(inputs=[<tf.Tenso..., outputs=[<tf.Tenso...)`
  model = Model(input=[input_seq, inputs_omics], output=[pred_output])
ACC: 0.7354260089686099
Sens: 0.6279761904761905
Spec: 0.8438438438438438
MCC: 0.4829778815638976
ROC_AUC: 0.8203024453024452
PRC_ROC: 0.8201023685877473
WARNING:tensorflow:No training configuration found in save file: the model was *not* compiled. Compile it manually.
/data/lyli/Silencer/HepG2/datasets/1679/12D/data_n=20/model/Model_CNN.py:81: UserWarning: Update your `Conv1D` call to the Keras 2 API: `Conv1D(128, 8, activation="relu", padding="same")`
  omics_conv1_ = Conv1D(128, 8, activation='relu', border_mode='same')
/data/lyli/Silencer/HepG2/datasets/1679/12D/data_n=20/model/Model_CNN.py:83: UserWarning: Update your `Conv1D` call to the Keras 2 API: `Conv1D(64, 1, activation="relu", padding="same")`
  omics_conv2_ = Conv1D(64, 1, activation='relu', border_mode='same')
/data/lyli/Silencer/HepG2/datasets/1679/12D/data_n=20/model/Model_CNN.py:85: UserWarning: Update your `Conv1D` call to the Keras 2 API: `Conv1D(64, 3, activation="relu", padding="same")`
  omics_conv3_ = Conv1D(64, 3, activation='relu', border_mode='same')
/data/lyli/Silencer/HepG2/datasets/1679/12D/data_n=20/model/Model_CNN.py:87: UserWarning: Update your `Conv1D` call to the Keras 2 API: `Conv1D(128, 1, activation="relu", padding="same")`
  omics_conv4_ = Conv1D(128, 1, activation='relu', border_mode='same')
/data/lyli/Silencer/HepG2/datasets/1679/12D/data_n=20/model/Model_CNN.py:112: UserWarning: Update your `Model` call to the Keras 2 API: `Model(inputs=[<tf.Tenso..., outputs=[<tf.Tenso...)`
  model = Model(input=[input_seq, inputs_omics], output=[pred_output])
ACC: 0.7683109118086696
Sens: 0.6726190476190477
Spec: 0.8648648648648649
MCC: 0.5474330883601244
ROC_AUC: 0.8667774917774919
PRC_ROC: 0.877806738169931
WARNING:tensorflow:No training configuration found in save file: the model was *not* compiled. Compile it manually.
/data/lyli/Silencer/HepG2/datasets/1679/12D/data_n=20/model/Model_CNN.py:81: UserWarning: Update your `Conv1D` call to the Keras 2 API: `Conv1D(128, 8, activation="relu", padding="same")`
  omics_conv1_ = Conv1D(128, 8, activation='relu', border_mode='same')
/data/lyli/Silencer/HepG2/datasets/1679/12D/data_n=20/model/Model_CNN.py:83: UserWarning: Update your `Conv1D` call to the Keras 2 API: `Conv1D(64, 1, activation="relu", padding="same")`
  omics_conv2_ = Conv1D(64, 1, activation='relu', border_mode='same')
/data/lyli/Silencer/HepG2/datasets/1679/12D/data_n=20/model/Model_CNN.py:85: UserWarning: Update your `Conv1D` call to the Keras 2 API: `Conv1D(64, 3, activation="relu", padding="same")`
  omics_conv3_ = Conv1D(64, 3, activation='relu', border_mode='same')
/data/lyli/Silencer/HepG2/datasets/1679/12D/data_n=20/model/Model_CNN.py:87: UserWarning: Update your `Conv1D` call to the Keras 2 API: `Conv1D(128, 1, activation="relu", padding="same")`
  omics_conv4_ = Conv1D(128, 1, activation='relu', border_mode='same')
/data/lyli/Silencer/HepG2/datasets/1679/12D/data_n=20/model/Model_CNN.py:112: UserWarning: Update your `Model` call to the Keras 2 API: `Model(inputs=[<tf.Tenso..., outputs=[<tf.Tenso...)`
  model = Model(input=[input_seq, inputs_omics], output=[pred_output])
ACC: 0.7159940209267563
Sens: 0.6606606606606606
Spec: 0.7708333333333334
MCC: 0.43422699180285795
ROC_AUC: 0.8283685471185471
PRC_ROC: 0.8301821539493115
WARNING:tensorflow:No training configuration found in save file: the model was *not* compiled. Compile it manually.
/data/lyli/Silencer/HepG2/datasets/1679/12D/data_n=20/model/Model_CNN.py:81: UserWarning: Update your `Conv1D` call to the Keras 2 API: `Conv1D(128, 8, activation="relu", padding="same")`
  omics_conv1_ = Conv1D(128, 8, activation='relu', border_mode='same')
/data/lyli/Silencer/HepG2/datasets/1679/12D/data_n=20/model/Model_CNN.py:83: UserWarning: Update your `Conv1D` call to the Keras 2 API: `Conv1D(64, 1, activation="relu", padding="same")`
  omics_conv2_ = Conv1D(64, 1, activation='relu', border_mode='same')
/data/lyli/Silencer/HepG2/datasets/1679/12D/data_n=20/model/Model_CNN.py:85: UserWarning: Update your `Conv1D` call to the Keras 2 API: `Conv1D(64, 3, activation="relu", padding="same")`
  omics_conv3_ = Conv1D(64, 3, activation='relu', border_mode='same')
/data/lyli/Silencer/HepG2/datasets/1679/12D/data_n=20/model/Model_CNN.py:87: UserWarning: Update your `Conv1D` call to the Keras 2 API: `Conv1D(128, 1, activation="relu", padding="same")`
  omics_conv4_ = Conv1D(128, 1, activation='relu', border_mode='same')
/data/lyli/Silencer/HepG2/datasets/1679/12D/data_n=20/model/Model_CNN.py:112: UserWarning: Update your `Model` call to the Keras 2 API: `Model(inputs=[<tf.Tenso..., outputs=[<tf.Tenso...)`
  model = Model(input=[input_seq, inputs_omics], output=[pred_output])
ACC: 0.7608370702541106
Sens: 0.6377245508982036
Spec: 0.8835820895522388
MCC: 0.5379235973357972
ROC_AUC: 0.8584413263026187
PRC_ROC: 0.8664386714335223
ACC_average: 0.747982062780269
Sens_average: 0.6828913280260586
Spec_average: 0.8131653668593968
MCC_average: 0.5048403879161917
ROC_average: 0.8449374072596658
PRC_average: 0.8511043371325376

