ACC: 0.721820809248555
Sens: 0.5032537960954447
Spec: 0.940072202166065
MCC: 0.4929161605855777
ROC_AUC: 0.788749148374668
PRC_ROC: 0.8280213873282656

ACC: 0.7221820809248555
Sens: 0.4754335260115607
Spec: 0.9689306358381503
MCC: 0.5109117238046964
ROC_AUC: 0.8156047437268201
PRC_ROC: 0.846129618431503

ACC: 0.726878612716763
Sens: 0.5838150289017341
Spec: 0.869942196531792
MCC: 0.4735558110914082
ROC_AUC: 0.7937874845467607
PRC_ROC: 0.8358438373134898

ACC: 0.7297687861271677
Sens: 0.5855595667870036
Spec: 0.8741865509761388
MCC: 0.4801315672780101
ROC_AUC: 0.8014022777877841
PRC_ROC: 0.8335281165896241

ACC: 0.7232658959537572
Sens: 0.6274368231046932
Spec: 0.819233550253073
MCC: 0.455090482815903
ROC_AUC: 0.8066245356847329
PRC_ROC: 0.8404565425397341
ACC_average: 0.7247832369942196
Sens_average: 0.5550997481800872
Spec_average: 0.8944730271530439
MCC_average: 0.4825211491151191
ROC_average: 0.8012336380241531
PRC_average: 0.8367959004405232
