ACC: 0.71898355754858
Sens: 0.6577380952380952
Spec: 0.7807807807807807
MCC: 0.44176443432719625
ROC_AUC: 0.8019224581724582
PRC_ROC: 0.8162631745470371
20.080212831497192

ACC: 0.7384155455904334
Sens: 0.7232142857142857
Spec: 0.7537537537537538
MCC: 0.477155718051402
ROC_AUC: 0.8242438867438869
PRC_ROC: 0.8234838879449561
17.50475835800171

ACC: 0.7428998505231689
Sens: 0.6577380952380952
Spec: 0.8288288288288288
MCC: 0.493655024670722
ROC_AUC: 0.8484377234377234
PRC_ROC: 0.8612638564453416
17.577781677246094

ACC: 0.7518684603886397
Sens: 0.6546546546546547
Spec: 0.8482142857142857
MCC: 0.5127910446584999
ROC_AUC: 0.8419446231946233
PRC_ROC: 0.8451384899903178
16.98762559890747

ACC: 0.7593423019431988
Sens: 0.7904191616766467
Spec: 0.7283582089552239
MCC: 0.5197537842032253
ROC_AUC: 0.8573330950040219
PRC_ROC: 0.8610035658833871
17.016071796417236
ACC_average: 0.7423019431988042
Sens_average: 0.6967528585043555
Spec_average: 0.7879871716065745
MCC_average: 0.489024001182209
ROC_average: 0.8347763573105427
PRC_average: 0.8414305949622081
average_time: 17.83329005241394
