ACC: 0.7203757225433526
Sens: 0.5610990600144613
Spec: 0.8794223826714801
MCC: 0.4647460944754603
ROC_AUC: 0.7911203865400127
PRC_ROC: 0.8289358907262191
59.80223560333252

ACC: 0.7247109826589595
Sens: 0.6170520231213873
Spec: 0.8323699421965318
MCC: 0.4602168084707378
ROC_AUC: 0.7974516250960607
PRC_ROC: 0.8364010849823122
58.46500515937805

ACC: 0.7254335260115607
Sens: 0.6148843930635838
Spec: 0.8359826589595376
MCC: 0.4623084771176517
ROC_AUC: 0.8018414414113402
PRC_ROC: 0.8388919486719173
56.49646830558777

ACC: 0.7297687861271677
Sens: 0.563898916967509
Spec: 0.89587852494577
MCC: 0.48736024773541947
ROC_AUC: 0.8075230167244858
PRC_ROC: 0.8385171583244931
56.28793787956238

ACC: 0.7380780346820809
Sens: 0.5906137184115523
Spec: 0.8857556037599421
MCC: 0.4985237471459513
ROC_AUC: 0.8245529130154454
PRC_ROC: 0.8537592349034872
55.840147972106934
ACC_average: 0.7276734104046243
Sens_average: 0.5895096223156988
Spec_average: 0.8658818225066524
MCC_average: 0.47463107498904417
ROC_average: 0.8044978765574688
PRC_average: 0.8393010635216858
average_time: 57.37835898399353