ACC_average: 0.6909090909090908
Sens_average: 0.7497512437810945
Spec_average: 0.631776830135039
MCC_average: 0.39105455300557923
ROC_average: 0.777457356076759
PRC_average: 0.745095506933146
nohup: ignoring input
Using TensorFlow backend.
/home/lyli/miniconda3/envs/SeqPose/lib/python3.7/site-packages/tensorflow/python/framework/dtypes.py:516: FutureWarning: Passing (type, 1) or '1type' as a synonym of type is deprecated; in a future version of numpy, it will be understood as (type, (1,)) / '(1,)type'.
  _np_qint8 = np.dtype([("qint8", np.int8, 1)])
/home/lyli/miniconda3/envs/SeqPose/lib/python3.7/site-packages/tensorflow/python/framework/dtypes.py:517: FutureWarning: Passing (type, 1) or '1type' as a synonym of type is deprecated; in a future version of numpy, it will be understood as (type, (1,)) / '(1,)type'.
  _np_quint8 = np.dtype([("quint8", np.uint8, 1)])
/home/lyli/miniconda3/envs/SeqPose/lib/python3.7/site-packages/tensorflow/python/framework/dtypes.py:518: FutureWarning: Passing (type, 1) or '1type' as a synonym of type is deprecated; in a future version of numpy, it will be understood as (type, (1,)) / '(1,)type'.
  _np_qint16 = np.dtype([("qint16", np.int16, 1)])
/home/lyli/miniconda3/envs/SeqPose/lib/python3.7/site-packages/tensorflow/python/framework/dtypes.py:519: FutureWarning: Passing (type, 1) or '1type' as a synonym of type is deprecated; in a future version of numpy, it will be understood as (type, (1,)) / '(1,)type'.
  _np_quint16 = np.dtype([("quint16", np.uint16, 1)])
/home/lyli/miniconda3/envs/SeqPose/lib/python3.7/site-packages/tensorflow/python/framework/dtypes.py:520: FutureWarning: Passing (type, 1) or '1type' as a synonym of type is deprecated; in a future version of numpy, it will be understood as (type, (1,)) / '(1,)type'.
  _np_qint32 = np.dtype([("qint32", np.int32, 1)])
/home/lyli/miniconda3/envs/SeqPose/lib/python3.7/site-packages/tensorflow/python/framework/dtypes.py:525: FutureWarning: Passing (type, 1) or '1type' as a synonym of type is deprecated; in a future version of numpy, it will be understood as (type, (1,)) / '(1,)type'.
  np_resource = np.dtype([("resource", np.ubyte, 1)])
/home/lyli/miniconda3/envs/SeqPose/lib/python3.7/site-packages/tensorboard/compat/tensorflow_stub/dtypes.py:541: FutureWarning: Passing (type, 1) or '1type' as a synonym of type is deprecated; in a future version of numpy, it will be understood as (type, (1,)) / '(1,)type'.
  _np_qint8 = np.dtype([("qint8", np.int8, 1)])
/home/lyli/miniconda3/envs/SeqPose/lib/python3.7/site-packages/tensorboard/compat/tensorflow_stub/dtypes.py:542: FutureWarning: Passing (type, 1) or '1type' as a synonym of type is deprecated; in a future version of numpy, it will be understood as (type, (1,)) / '(1,)type'.
  _np_quint8 = np.dtype([("quint8", np.uint8, 1)])
/home/lyli/miniconda3/envs/SeqPose/lib/python3.7/site-packages/tensorboard/compat/tensorflow_stub/dtypes.py:543: FutureWarning: Passing (type, 1) or '1type' as a synonym of type is deprecated; in a future version of numpy, it will be understood as (type, (1,)) / '(1,)type'.
  _np_qint16 = np.dtype([("qint16", np.int16, 1)])
/home/lyli/miniconda3/envs/SeqPose/lib/python3.7/site-packages/tensorboard/compat/tensorflow_stub/dtypes.py:544: FutureWarning: Passing (type, 1) or '1type' as a synonym of type is deprecated; in a future version of numpy, it will be understood as (type, (1,)) / '(1,)type'.
  _np_quint16 = np.dtype([("quint16", np.uint16, 1)])
/home/lyli/miniconda3/envs/SeqPose/lib/python3.7/site-packages/tensorboard/compat/tensorflow_stub/dtypes.py:545: FutureWarning: Passing (type, 1) or '1type' as a synonym of type is deprecated; in a future version of numpy, it will be understood as (type, (1,)) / '(1,)type'.
  _np_qint32 = np.dtype([("qint32", np.int32, 1)])
/home/lyli/miniconda3/envs/SeqPose/lib/python3.7/site-packages/tensorboard/compat/tensorflow_stub/dtypes.py:550: FutureWarning: Passing (type, 1) or '1type' as a synonym of type is deprecated; in a future version of numpy, it will be understood as (type, (1,)) / '(1,)type'.
  np_resource = np.dtype([("resource", np.ubyte, 1)])
WARNING:tensorflow:From /home/lyli/miniconda3/envs/SeqPose/lib/python3.7/site-packages/keras/backend/tensorflow_backend.py:107: The name tf.reset_default_graph is deprecated. Please use tf.compat.v1.reset_default_graph instead.

WARNING:tensorflow:From /home/lyli/miniconda3/envs/SeqPose/lib/python3.7/site-packages/keras/backend/tensorflow_backend.py:111: The name tf.placeholder_with_default is deprecated. Please use tf.compat.v1.placeholder_with_default instead.

WARNING:tensorflow:From /home/lyli/miniconda3/envs/SeqPose/lib/python3.7/site-packages/keras/backend/tensorflow_backend.py:66: The name tf.get_default_graph is deprecated. Please use tf.compat.v1.get_default_graph instead.

2023-05-26 19:31:58.920153: I tensorflow/core/platform/cpu_feature_guard.cc:142] Your CPU supports instructions that this TensorFlow binary was not compiled to use: SSE4.1 SSE4.2 AVX AVX2 AVX512F FMA
2023-05-26 19:31:58.955573: I tensorflow/core/platform/profile_utils/cpu_utils.cc:94] CPU Frequency: 2400000000 Hz
2023-05-26 19:31:58.984286: I tensorflow/compiler/xla/service/service.cc:168] XLA service 0x55ce133ae580 executing computations on platform Host. Devices:
2023-05-26 19:31:58.984336: I tensorflow/compiler/xla/service/service.cc:175]   StreamExecutor device (0): <undefined>, <undefined>
2023-05-26 19:31:59.023671: W tensorflow/compiler/jit/mark_for_compilation_pass.cc:1412] (One-time warning): Not using XLA:CPU for cluster because envvar TF_XLA_FLAGS=--tf_xla_cpu_global_jit was not set.  If you want XLA:CPU, either set that envvar, or use experimental_jit_scope to enable XLA:CPU.  To confirm that XLA is active, pass --vmodule=xla_compilation_cache=1 (as a proper command-line flag, not via TF_XLA_FLAGS) or set the envvar XLA_FLAGS=--xla_hlo_profile.
WARNING:tensorflow:No training configuration found in save file: the model was *not* compiled. Compile it manually.
WARNING:tensorflow:From /home/lyli/miniconda3/envs/SeqPose/lib/python3.7/site-packages/keras/backend/tensorflow_backend.py:541: The name tf.placeholder is deprecated. Please use tf.compat.v1.placeholder instead.

WARNING:tensorflow:From /home/lyli/miniconda3/envs/SeqPose/lib/python3.7/site-packages/keras/backend/tensorflow_backend.py:4432: The name tf.random_uniform is deprecated. Please use tf.random.uniform instead.

WARNING:tensorflow:From /home/lyli/miniconda3/envs/SeqPose/lib/python3.7/site-packages/keras/backend/tensorflow_backend.py:3733: calling dropout (from tensorflow.python.ops.nn_ops) with keep_prob is deprecated and will be removed in a future version.
Instructions for updating:
Please use `rate` instead of `keep_prob`. Rate should be set to `rate = 1 - keep_prob`.
/data/lyli/Silencer/HepG2/datasets/1679/12D/data_n=20/model/Model_CNN.py:33: UserWarning: Update your `Model` call to the Keras 2 API: `Model(inputs=[<tf.Tenso..., outputs=[<tf.Tenso...)`
  model = Model(input=[input_seq], output=[pred_output])
WARNING:tensorflow:From /home/lyli/miniconda3/envs/SeqPose/lib/python3.7/site-packages/keras/optimizers.py:793: The name tf.train.Optimizer is deprecated. Please use tf.compat.v1.train.Optimizer instead.

WARNING:tensorflow:From /home/lyli/miniconda3/envs/SeqPose/lib/python3.7/site-packages/tensorflow/python/ops/nn_impl.py:180: add_dispatch_support.<locals>.wrapper (from tensorflow.python.ops.array_ops) is deprecated and will be removed in a future version.
Instructions for updating:
Use tf.where in 2.0, which has the same broadcast rule as np.where
Fitting first model...
Train on 2417 samples, validate on 269 samples
Epoch 1/10

  64/2417 [..............................] - ETA: 16s - loss: 0.7040 - acc: 0.3594
 384/2417 [===>..........................] - ETA: 2s - loss: 0.6800 - acc: 0.5260 
 704/2417 [=======>......................] - ETA: 1s - loss: 0.6494 - acc: 0.5909
1024/2417 [===========>..................] - ETA: 0s - loss: 0.6308 - acc: 0.6240
1344/2417 [===============>..............] - ETA: 0s - loss: 0.6195 - acc: 0.6376
1664/2417 [===================>..........] - ETA: 0s - loss: 0.6086 - acc: 0.6526
1984/2417 [=======================>......] - ETA: 0s - loss: 0.5978 - acc: 0.6663
2368/2417 [============================>.] - ETA: 0s - loss: 0.5887 - acc: 0.6740
2417/2417 [==============================] - 1s 372us/step - loss: 0.5907 - acc: 0.6727 - val_loss: 0.5962 - val_acc: 0.6803

Epoch 00001: val_acc improved from -inf to 0.68030, saving model to /data/lyli/Silencer/HepG2/datasets/1679/12D/data_n=20/model/checkpoints_4layer_130-/DNA_model/model_DNA1.hdf5
Epoch 2/10

  64/2417 [..............................] - ETA: 0s - loss: 0.5926 - acc: 0.6562
 384/2417 [===>..........................] - ETA: 0s - loss: 0.6345 - acc: 0.6354
 704/2417 [=======>......................] - ETA: 0s - loss: 0.5921 - acc: 0.6818
1024/2417 [===========>..................] - ETA: 0s - loss: 0.5812 - acc: 0.6836
1344/2417 [===============>..............] - ETA: 0s - loss: 0.5776 - acc: 0.6882
1664/2417 [===================>..........] - ETA: 0s - loss: 0.5668 - acc: 0.6965
1984/2417 [=======================>......] - ETA: 0s - loss: 0.5683 - acc: 0.6941
2304/2417 [===========================>..] - ETA: 0s - loss: 0.5669 - acc: 0.6953
2417/2417 [==============================] - 0s 169us/step - loss: 0.5642 - acc: 0.6980 - val_loss: 0.5568 - val_acc: 0.6952

Epoch 00002: val_acc improved from 0.68030 to 0.69517, saving model to /data/lyli/Silencer/HepG2/datasets/1679/12D/data_n=20/model/checkpoints_4layer_130-/DNA_model/model_DNA1.hdf5
Epoch 3/10

  64/2417 [..............................] - ETA: 0s - loss: 0.5219 - acc: 0.7656
 384/2417 [===>..........................] - ETA: 0s - loss: 0.5056 - acc: 0.7656
 768/2417 [========>.....................] - ETA: 0s - loss: 0.5221 - acc: 0.7487
1152/2417 [=============>................] - ETA: 0s - loss: 0.5383 - acc: 0.7413
1472/2417 [=================>............] - ETA: 0s - loss: 0.5375 - acc: 0.7357
1792/2417 [=====================>........] - ETA: 0s - loss: 0.5381 - acc: 0.7288
2112/2417 [=========================>....] - ETA: 0s - loss: 0.5394 - acc: 0.7268
2417/2417 [==============================] - 0s 166us/step - loss: 0.5307 - acc: 0.7298 - val_loss: 0.5446 - val_acc: 0.6877

Epoch 00003: val_acc did not improve from 0.69517
Epoch 4/10

  64/2417 [..............................] - ETA: 0s - loss: 0.4550 - acc: 0.8125
 384/2417 [===>..........................] - ETA: 0s - loss: 0.4931 - acc: 0.7500
 704/2417 [=======>......................] - ETA: 0s - loss: 0.5077 - acc: 0.7358
1024/2417 [===========>..................] - ETA: 0s - loss: 0.5084 - acc: 0.7324
1344/2417 [===============>..............] - ETA: 0s - loss: 0.5101 - acc: 0.7344
1664/2417 [===================>..........] - ETA: 0s - loss: 0.5141 - acc: 0.7320
1984/2417 [=======================>......] - ETA: 0s - loss: 0.5163 - acc: 0.7324
2304/2417 [===========================>..] - ETA: 0s - loss: 0.5170 - acc: 0.7326
2417/2417 [==============================] - 0s 176us/step - loss: 0.5187 - acc: 0.7298 - val_loss: 0.5391 - val_acc: 0.7100

Epoch 00004: val_acc improved from 0.69517 to 0.71004, saving model to /data/lyli/Silencer/HepG2/datasets/1679/12D/data_n=20/model/checkpoints_4layer_130-/DNA_model/model_DNA1.hdf5
Epoch 5/10

  64/2417 [..............................] - ETA: 0s - loss: 0.5608 - acc: 0.7188
 448/2417 [====>.........................] - ETA: 0s - loss: 0.5045 - acc: 0.7388
 832/2417 [=========>....................] - ETA: 0s - loss: 0.5163 - acc: 0.7296
1216/2417 [==============>...............] - ETA: 0s - loss: 0.5089 - acc: 0.7377
1536/2417 [==================>...........] - ETA: 0s - loss: 0.5079 - acc: 0.7409
1920/2417 [======================>.......] - ETA: 0s - loss: 0.4986 - acc: 0.7490
2304/2417 [===========================>..] - ETA: 0s - loss: 0.4988 - acc: 0.7483
2417/2417 [==============================] - 0s 164us/step - loss: 0.4952 - acc: 0.7509 - val_loss: 0.5475 - val_acc: 0.7138

Epoch 00005: val_acc improved from 0.71004 to 0.71375, saving model to /data/lyli/Silencer/HepG2/datasets/1679/12D/data_n=20/model/checkpoints_4layer_130-/DNA_model/model_DNA1.hdf5
Epoch 6/10

  64/2417 [..............................] - ETA: 0s - loss: 0.3641 - acc: 0.8125
 448/2417 [====>.........................] - ETA: 0s - loss: 0.4275 - acc: 0.7879
 832/2417 [=========>....................] - ETA: 0s - loss: 0.4524 - acc: 0.7812
1216/2417 [==============>...............] - ETA: 0s - loss: 0.4577 - acc: 0.7738
1600/2417 [==================>...........] - ETA: 0s - loss: 0.4624 - acc: 0.7669
1984/2417 [=======================>......] - ETA: 0s - loss: 0.4680 - acc: 0.7671
2368/2417 [============================>.] - ETA: 0s - loss: 0.4716 - acc: 0.7635
2417/2417 [==============================] - 0s 162us/step - loss: 0.4722 - acc: 0.7629 - val_loss: 0.5763 - val_acc: 0.6840

Epoch 00006: val_acc did not improve from 0.71375
Epoch 7/10

  64/2417 [..............................] - ETA: 0s - loss: 0.4701 - acc: 0.7969
 448/2417 [====>.........................] - ETA: 0s - loss: 0.4324 - acc: 0.8147
 832/2417 [=========>....................] - ETA: 0s - loss: 0.4288 - acc: 0.7933
1216/2417 [==============>...............] - ETA: 0s - loss: 0.4238 - acc: 0.7911
1536/2417 [==================>...........] - ETA: 0s - loss: 0.4193 - acc: 0.7975
1920/2417 [======================>.......] - ETA: 0s - loss: 0.4245 - acc: 0.7932
2304/2417 [===========================>..] - ETA: 0s - loss: 0.4277 - acc: 0.7912
2417/2417 [==============================] - 0s 164us/step - loss: 0.4249 - acc: 0.7927 - val_loss: 0.6038 - val_acc: 0.7063

Epoch 00007: val_acc did not improve from 0.71375
Epoch 8/10

  64/2417 [..............................] - ETA: 0s - loss: 0.3498 - acc: 0.8594
 448/2417 [====>.........................] - ETA: 0s - loss: 0.3531 - acc: 0.8393
 768/2417 [========>.....................] - ETA: 0s - loss: 0.3868 - acc: 0.8229
1088/2417 [============>.................] - ETA: 0s - loss: 0.3989 - acc: 0.8153
1408/2417 [================>.............] - ETA: 0s - loss: 0.3943 - acc: 0.8153
1792/2417 [=====================>........] - ETA: 0s - loss: 0.3931 - acc: 0.8192
2176/2417 [==========================>...] - ETA: 0s - loss: 0.4043 - acc: 0.8097
2417/2417 [==============================] - 0s 164us/step - loss: 0.4035 - acc: 0.8105 - val_loss: 0.5691 - val_acc: 0.6877

Epoch 00008: val_acc did not improve from 0.71375
Epoch 9/10

  64/2417 [..............................] - ETA: 0s - loss: 0.3281 - acc: 0.8594
 384/2417 [===>..........................] - ETA: 0s - loss: 0.3772 - acc: 0.8464
 704/2417 [=======>......................] - ETA: 0s - loss: 0.3915 - acc: 0.8253
1088/2417 [============>.................] - ETA: 0s - loss: 0.3839 - acc: 0.8263
1408/2417 [================>.............] - ETA: 0s - loss: 0.3708 - acc: 0.8338
1792/2417 [=====================>........] - ETA: 0s - loss: 0.3625 - acc: 0.8371
2176/2417 [==========================>...] - ETA: 0s - loss: 0.3607 - acc: 0.8364
2417/2417 [==============================] - 0s 165us/step - loss: 0.3600 - acc: 0.8366 - val_loss: 0.6905 - val_acc: 0.7026

Epoch 00009: val_acc did not improve from 0.71375
Epoch 10/10

  64/2417 [..............................] - ETA: 0s - loss: 0.3454 - acc: 0.8438
 448/2417 [====>.........................] - ETA: 0s - loss: 0.3308 - acc: 0.8571
 832/2417 [=========>....................] - ETA: 0s - loss: 0.2972 - acc: 0.8714
1152/2417 [=============>................] - ETA: 0s - loss: 0.2906 - acc: 0.8733
1472/2417 [=================>............] - ETA: 0s - loss: 0.2981 - acc: 0.8668
1792/2417 [=====================>........] - ETA: 0s - loss: 0.2907 - acc: 0.8683
2176/2417 [==========================>...] - ETA: 0s - loss: 0.2917 - acc: 0.8695
2417/2417 [==============================] - 0s 164us/step - loss: 0.2897 - acc: 0.8717 - val_loss: 0.8205 - val_acc: 0.7063

Epoch 00010: val_acc did not improve from 0.71375
Saved model to disk
ACC: 0.7144992526158446
Sens: 0.7202380952380952
Spec: 0.7087087087087087
MCC: 0.42898131155346825
ROC_AUC: 0.7895752895752896
PRC_ROC: 0.771148779705337
WARNING:tensorflow:No training configuration found in save file: the model was *not* compiled. Compile it manually.
/data/lyli/Silencer/HepG2/datasets/1679/12D/data_n=20/model/Model_CNN.py:33: UserWarning: Update your `Model` call to the Keras 2 API: `Model(inputs=[<tf.Tenso..., outputs=[<tf.Tenso...)`
  model = Model(input=[input_seq], output=[pred_output])
Fitting first model...
Train on 2417 samples, validate on 269 samples
Epoch 1/10

  64/2417 [..............................] - ETA: 16s - loss: 0.6882 - acc: 0.5625
 384/2417 [===>..........................] - ETA: 2s - loss: 0.6698 - acc: 0.5990 
 704/2417 [=======>......................] - ETA: 1s - loss: 0.6329 - acc: 0.6321
1024/2417 [===========>..................] - ETA: 0s - loss: 0.6179 - acc: 0.6504
1344/2417 [===============>..............] - ETA: 0s - loss: 0.6085 - acc: 0.6719
1664/2417 [===================>..........] - ETA: 0s - loss: 0.6086 - acc: 0.6695
1984/2417 [=======================>......] - ETA: 0s - loss: 0.6031 - acc: 0.6724
2304/2417 [===========================>..] - ETA: 0s - loss: 0.6042 - acc: 0.6697
2417/2417 [==============================] - 1s 376us/step - loss: 0.6028 - acc: 0.6703 - val_loss: 0.5586 - val_acc: 0.7138

Epoch 00001: val_acc improved from -inf to 0.71375, saving model to /data/lyli/Silencer/HepG2/datasets/1679/12D/data_n=20/model/checkpoints_4layer_130-/DNA_model/model_DNA2.hdf5
Epoch 2/10

  64/2417 [..............................] - ETA: 0s - loss: 0.5131 - acc: 0.7500
 384/2417 [===>..........................] - ETA: 0s - loss: 0.5628 - acc: 0.6875
 704/2417 [=======>......................] - ETA: 0s - loss: 0.5534 - acc: 0.7088
1024/2417 [===========>..................] - ETA: 0s - loss: 0.5564 - acc: 0.7061
1344/2417 [===============>..............] - ETA: 0s - loss: 0.5591 - acc: 0.6979
1664/2417 [===================>..........] - ETA: 0s - loss: 0.5526 - acc: 0.7061
1984/2417 [=======================>......] - ETA: 0s - loss: 0.5528 - acc: 0.7031
2304/2417 [===========================>..] - ETA: 0s - loss: 0.5495 - acc: 0.7062
2417/2417 [==============================] - 0s 172us/step - loss: 0.5518 - acc: 0.7042 - val_loss: 0.5425 - val_acc: 0.6952

Epoch 00002: val_acc did not improve from 0.71375
Epoch 3/10

  64/2417 [..............................] - ETA: 0s - loss: 0.5713 - acc: 0.6719
 384/2417 [===>..........................] - ETA: 0s - loss: 0.5108 - acc: 0.7214
 704/2417 [=======>......................] - ETA: 0s - loss: 0.5056 - acc: 0.7344
1024/2417 [===========>..................] - ETA: 0s - loss: 0.5209 - acc: 0.7354
1344/2417 [===============>..............] - ETA: 0s - loss: 0.5314 - acc: 0.7232
1664/2417 [===================>..........] - ETA: 0s - loss: 0.5336 - acc: 0.7224
1984/2417 [=======================>......] - ETA: 0s - loss: 0.5402 - acc: 0.7182
2304/2417 [===========================>..] - ETA: 0s - loss: 0.5398 - acc: 0.7166
2417/2417 [==============================] - 0s 172us/step - loss: 0.5341 - acc: 0.7203 - val_loss: 0.5535 - val_acc: 0.7026

Epoch 00003: val_acc did not improve from 0.71375
Epoch 4/10

  64/2417 [..............................] - ETA: 0s - loss: 0.4343 - acc: 0.8281
 384/2417 [===>..........................] - ETA: 0s - loss: 0.5167 - acc: 0.7578
 704/2417 [=======>......................] - ETA: 0s - loss: 0.5152 - acc: 0.7457
1024/2417 [===========>..................] - ETA: 0s - loss: 0.5080 - acc: 0.7461
1408/2417 [================>.............] - ETA: 0s - loss: 0.5074 - acc: 0.7422
1728/2417 [====================>.........] - ETA: 0s - loss: 0.5064 - acc: 0.7344
2048/2417 [========================>.....] - ETA: 0s - loss: 0.5145 - acc: 0.7290
2368/2417 [============================>.] - ETA: 0s - loss: 0.5185 - acc: 0.7272
2417/2417 [==============================] - 0s 170us/step - loss: 0.5193 - acc: 0.7282 - val_loss: 0.5554 - val_acc: 0.6989

Epoch 00004: val_acc did not improve from 0.71375
Epoch 5/10

  64/2417 [..............................] - ETA: 0s - loss: 0.5084 - acc: 0.7656
 384/2417 [===>..........................] - ETA: 0s - loss: 0.5071 - acc: 0.7370
 704/2417 [=======>......................] - ETA: 0s - loss: 0.5078 - acc: 0.7514
1024/2417 [===========>..................] - ETA: 0s - loss: 0.5100 - acc: 0.7510
1344/2417 [===============>..............] - ETA: 0s - loss: 0.5083 - acc: 0.7470
1664/2417 [===================>..........] - ETA: 0s - loss: 0.5157 - acc: 0.7404
1984/2417 [=======================>......] - ETA: 0s - loss: 0.5045 - acc: 0.7455
2304/2417 [===========================>..] - ETA: 0s - loss: 0.5070 - acc: 0.7418
2417/2417 [==============================] - 0s 170us/step - loss: 0.5071 - acc: 0.7414 - val_loss: 0.5610 - val_acc: 0.6803

Epoch 00005: val_acc did not improve from 0.71375
Epoch 6/10

  64/2417 [..............................] - ETA: 0s - loss: 0.4254 - acc: 0.7969
 384/2417 [===>..........................] - ETA: 0s - loss: 0.4728 - acc: 0.7682
 704/2417 [=======>......................] - ETA: 0s - loss: 0.4845 - acc: 0.7514
1024/2417 [===========>..................] - ETA: 0s - loss: 0.4802 - acc: 0.7510
1344/2417 [===============>..............] - ETA: 0s - loss: 0.4690 - acc: 0.7634
1664/2417 [===================>..........] - ETA: 0s - loss: 0.4709 - acc: 0.7602
2048/2417 [========================>.....] - ETA: 0s - loss: 0.4812 - acc: 0.7554
2368/2417 [============================>.] - ETA: 0s - loss: 0.4851 - acc: 0.7517
2417/2417 [==============================] - 0s 170us/step - loss: 0.4865 - acc: 0.7501 - val_loss: 0.5657 - val_acc: 0.6691

Epoch 00006: val_acc did not improve from 0.71375
Epoch 7/10

  64/2417 [..............................] - ETA: 0s - loss: 0.4334 - acc: 0.8438
 384/2417 [===>..........................] - ETA: 0s - loss: 0.4472 - acc: 0.7969
 704/2417 [=======>......................] - ETA: 0s - loss: 0.4321 - acc: 0.8054
1024/2417 [===========>..................] - ETA: 0s - loss: 0.4299 - acc: 0.8076
1344/2417 [===============>..............] - ETA: 0s - loss: 0.4279 - acc: 0.8021
1664/2417 [===================>..........] - ETA: 0s - loss: 0.4371 - acc: 0.7969
1984/2417 [=======================>......] - ETA: 0s - loss: 0.4405 - acc: 0.7949
2304/2417 [===========================>..] - ETA: 0s - loss: 0.4433 - acc: 0.7951
2417/2417 [==============================] - 0s 168us/step - loss: 0.4407 - acc: 0.7952 - val_loss: 0.6288 - val_acc: 0.6617

Epoch 00007: val_acc did not improve from 0.71375
Epoch 8/10

  64/2417 [..............................] - ETA: 0s - loss: 0.3807 - acc: 0.8125
 384/2417 [===>..........................] - ETA: 0s - loss: 0.4071 - acc: 0.8125
 704/2417 [=======>......................] - ETA: 0s - loss: 0.4134 - acc: 0.8054
1024/2417 [===========>..................] - ETA: 0s - loss: 0.4044 - acc: 0.8135
1408/2417 [================>.............] - ETA: 0s - loss: 0.4133 - acc: 0.8068
1728/2417 [====================>.........] - ETA: 0s - loss: 0.4141 - acc: 0.8015
2048/2417 [========================>.....] - ETA: 0s - loss: 0.4098 - acc: 0.8052
2368/2417 [============================>.] - ETA: 0s - loss: 0.4148 - acc: 0.8041
2417/2417 [==============================] - 0s 168us/step - loss: 0.4149 - acc: 0.8047 - val_loss: 0.6770 - val_acc: 0.6914

Epoch 00008: val_acc did not improve from 0.71375
Epoch 9/10

  64/2417 [..............................] - ETA: 0s - loss: 0.3347 - acc: 0.8594
 384/2417 [===>..........................] - ETA: 0s - loss: 0.3216 - acc: 0.8698
 704/2417 [=======>......................] - ETA: 0s - loss: 0.3242 - acc: 0.8594
1024/2417 [===========>..................] - ETA: 0s - loss: 0.3489 - acc: 0.8506
1344/2417 [===============>..............] - ETA: 0s - loss: 0.3497 - acc: 0.8497
1664/2417 [===================>..........] - ETA: 0s - loss: 0.3520 - acc: 0.8456
1984/2417 [=======================>......] - ETA: 0s - loss: 0.3648 - acc: 0.8357
2176/2417 [==========================>...] - ETA: 0s - loss: 0.3636 - acc: 0.8369
2417/2417 [==============================] - 0s 189us/step - loss: 0.3623 - acc: 0.8366 - val_loss: 0.8041 - val_acc: 0.6208

Epoch 00009: val_acc did not improve from 0.71375
Epoch 10/10

  64/2417 [..............................] - ETA: 0s - loss: 0.2618 - acc: 0.9219
 384/2417 [===>..........................] - ETA: 0s - loss: 0.3120 - acc: 0.8828
 704/2417 [=======>......................] - ETA: 0s - loss: 0.3325 - acc: 0.8651
1024/2417 [===========>..................] - ETA: 0s - loss: 0.3434 - acc: 0.8525
1344/2417 [===============>..............] - ETA: 0s - loss: 0.3432 - acc: 0.8512
1664/2417 [===================>..........] - ETA: 0s - loss: 0.3536 - acc: 0.8492
1984/2417 [=======================>......] - ETA: 0s - loss: 0.3538 - acc: 0.8488
2304/2417 [===========================>..] - ETA: 0s - loss: 0.3480 - acc: 0.8520
2417/2417 [==============================] - 0s 169us/step - loss: 0.3448 - acc: 0.8544 - val_loss: 0.8404 - val_acc: 0.6320

Epoch 00010: val_acc did not improve from 0.71375
Saved model to disk
ACC: 0.6920777279521674
Sens: 0.8601190476190477
Spec: 0.5225225225225225
MCC: 0.4067698558692592
ROC_AUC: 0.7719683969683969
PRC_ROC: 0.7267041769610605
WARNING:tensorflow:No training configuration found in save file: the model was *not* compiled. Compile it manually.
/data/lyli/Silencer/HepG2/datasets/1679/12D/data_n=20/model/Model_CNN.py:33: UserWarning: Update your `Model` call to the Keras 2 API: `Model(inputs=[<tf.Tenso..., outputs=[<tf.Tenso...)`
  model = Model(input=[input_seq], output=[pred_output])
Fitting first model...
Train on 2417 samples, validate on 269 samples
Epoch 1/10

  64/2417 [..............................] - ETA: 18s - loss: 0.7173 - acc: 0.5156
 384/2417 [===>..........................] - ETA: 2s - loss: 0.6748 - acc: 0.5729 
 704/2417 [=======>......................] - ETA: 1s - loss: 0.6533 - acc: 0.6165
1024/2417 [===========>..................] - ETA: 0s - loss: 0.6412 - acc: 0.6348
1344/2417 [===============>..............] - ETA: 0s - loss: 0.6169 - acc: 0.6577
1664/2417 [===================>..........] - ETA: 0s - loss: 0.6128 - acc: 0.6593
1984/2417 [=======================>......] - ETA: 0s - loss: 0.6140 - acc: 0.6613
2304/2417 [===========================>..] - ETA: 0s - loss: 0.6104 - acc: 0.6606
2417/2417 [==============================] - 1s 395us/step - loss: 0.6109 - acc: 0.6591 - val_loss: 0.5733 - val_acc: 0.6803

Epoch 00001: val_acc improved from -inf to 0.68030, saving model to /data/lyli/Silencer/HepG2/datasets/1679/12D/data_n=20/model/checkpoints_4layer_130-/DNA_model/model_DNA3.hdf5
Epoch 2/10

  64/2417 [..............................] - ETA: 0s - loss: 0.5132 - acc: 0.6875
 384/2417 [===>..........................] - ETA: 0s - loss: 0.5829 - acc: 0.6719
 704/2417 [=======>......................] - ETA: 0s - loss: 0.5794 - acc: 0.6690
1024/2417 [===========>..................] - ETA: 0s - loss: 0.5794 - acc: 0.6797
1344/2417 [===============>..............] - ETA: 0s - loss: 0.5840 - acc: 0.6793
1728/2417 [====================>.........] - ETA: 0s - loss: 0.5814 - acc: 0.6817
2048/2417 [========================>.....] - ETA: 0s - loss: 0.5828 - acc: 0.6812
2368/2417 [============================>.] - ETA: 0s - loss: 0.5754 - acc: 0.6883
2417/2417 [==============================] - 0s 173us/step - loss: 0.5740 - acc: 0.6901 - val_loss: 0.5891 - val_acc: 0.6729

Epoch 00002: val_acc did not improve from 0.68030
Epoch 3/10

  64/2417 [..............................] - ETA: 0s - loss: 0.4465 - acc: 0.7656
 384/2417 [===>..........................] - ETA: 0s - loss: 0.5177 - acc: 0.7318
 704/2417 [=======>......................] - ETA: 0s - loss: 0.5460 - acc: 0.7116
1024/2417 [===========>..................] - ETA: 0s - loss: 0.5519 - acc: 0.7070
1344/2417 [===============>..............] - ETA: 0s - loss: 0.5507 - acc: 0.7031
1664/2417 [===================>..........] - ETA: 0s - loss: 0.5583 - acc: 0.7025
2048/2417 [========================>.....] - ETA: 0s - loss: 0.5654 - acc: 0.6968
2368/2417 [============================>.] - ETA: 0s - loss: 0.5654 - acc: 0.7006
2417/2417 [==============================] - 0s 171us/step - loss: 0.5668 - acc: 0.6980 - val_loss: 0.5591 - val_acc: 0.7100

Epoch 00003: val_acc improved from 0.68030 to 0.71004, saving model to /data/lyli/Silencer/HepG2/datasets/1679/12D/data_n=20/model/checkpoints_4layer_130-/DNA_model/model_DNA3.hdf5
Epoch 4/10

  64/2417 [..............................] - ETA: 0s - loss: 0.5400 - acc: 0.6875
 384/2417 [===>..........................] - ETA: 0s - loss: 0.5588 - acc: 0.6693
 704/2417 [=======>......................] - ETA: 0s - loss: 0.5415 - acc: 0.7031
1024/2417 [===========>..................] - ETA: 0s - loss: 0.5561 - acc: 0.6855
1344/2417 [===============>..............] - ETA: 0s - loss: 0.5582 - acc: 0.6853
1664/2417 [===================>..........] - ETA: 0s - loss: 0.5599 - acc: 0.6839
1984/2417 [=======================>......] - ETA: 0s - loss: 0.5567 - acc: 0.6920
2304/2417 [===========================>..] - ETA: 0s - loss: 0.5546 - acc: 0.6979
2417/2417 [==============================] - 0s 176us/step - loss: 0.5541 - acc: 0.6996 - val_loss: 0.5381 - val_acc: 0.7175

Epoch 00004: val_acc improved from 0.71004 to 0.71747, saving model to /data/lyli/Silencer/HepG2/datasets/1679/12D/data_n=20/model/checkpoints_4layer_130-/DNA_model/model_DNA3.hdf5
Epoch 5/10

  64/2417 [..............................] - ETA: 0s - loss: 0.5716 - acc: 0.7344
 384/2417 [===>..........................] - ETA: 0s - loss: 0.5883 - acc: 0.6771
 704/2417 [=======>......................] - ETA: 0s - loss: 0.5625 - acc: 0.6989
1024/2417 [===========>..................] - ETA: 0s - loss: 0.5605 - acc: 0.6953
1344/2417 [===============>..............] - ETA: 0s - loss: 0.5441 - acc: 0.7076
1664/2417 [===================>..........] - ETA: 0s - loss: 0.5395 - acc: 0.7049
1984/2417 [=======================>......] - ETA: 0s - loss: 0.5387 - acc: 0.7087
2176/2417 [==========================>...] - ETA: 0s - loss: 0.5368 - acc: 0.7123
2417/2417 [==============================] - 1s 213us/step - loss: 0.5340 - acc: 0.7170 - val_loss: 0.5442 - val_acc: 0.7286

Epoch 00005: val_acc improved from 0.71747 to 0.72862, saving model to /data/lyli/Silencer/HepG2/datasets/1679/12D/data_n=20/model/checkpoints_4layer_130-/DNA_model/model_DNA3.hdf5
Epoch 6/10

  64/2417 [..............................] - ETA: 0s - loss: 0.4785 - acc: 0.7656
 384/2417 [===>..........................] - ETA: 0s - loss: 0.5344 - acc: 0.7109
 704/2417 [=======>......................] - ETA: 0s - loss: 0.5362 - acc: 0.7116
1088/2417 [============>.................] - ETA: 0s - loss: 0.5247 - acc: 0.7289
1408/2417 [================>.............] - ETA: 0s - loss: 0.5221 - acc: 0.7351
1728/2417 [====================>.........] - ETA: 0s - loss: 0.5240 - acc: 0.7257
2048/2417 [========================>.....] - ETA: 0s - loss: 0.5293 - acc: 0.7212
2368/2417 [============================>.] - ETA: 0s - loss: 0.5294 - acc: 0.7200
2417/2417 [==============================] - 0s 172us/step - loss: 0.5301 - acc: 0.7195 - val_loss: 0.5672 - val_acc: 0.6914

Epoch 00006: val_acc did not improve from 0.72862
Epoch 7/10

  64/2417 [..............................] - ETA: 0s - loss: 0.5491 - acc: 0.7500
 384/2417 [===>..........................] - ETA: 0s - loss: 0.5445 - acc: 0.7396
 704/2417 [=======>......................] - ETA: 0s - loss: 0.5477 - acc: 0.7244
1088/2417 [============>.................] - ETA: 0s - loss: 0.5382 - acc: 0.7215
1408/2417 [================>.............] - ETA: 0s - loss: 0.5423 - acc: 0.7166
1728/2417 [====================>.........] - ETA: 0s - loss: 0.5401 - acc: 0.7078
2048/2417 [========================>.....] - ETA: 0s - loss: 0.5328 - acc: 0.7163
2368/2417 [============================>.] - ETA: 0s - loss: 0.5295 - acc: 0.7179
2417/2417 [==============================] - 0s 168us/step - loss: 0.5274 - acc: 0.7195 - val_loss: 0.5635 - val_acc: 0.7100

Epoch 00007: val_acc did not improve from 0.72862
Epoch 8/10

  64/2417 [..............................] - ETA: 0s - loss: 0.4627 - acc: 0.7500
 384/2417 [===>..........................] - ETA: 0s - loss: 0.5204 - acc: 0.7266
 704/2417 [=======>......................] - ETA: 0s - loss: 0.4995 - acc: 0.7528
1024/2417 [===========>..................] - ETA: 0s - loss: 0.4999 - acc: 0.7529
1344/2417 [===============>..............] - ETA: 0s - loss: 0.4991 - acc: 0.7530
1664/2417 [===================>..........] - ETA: 0s - loss: 0.5055 - acc: 0.7452
1984/2417 [=======================>......] - ETA: 0s - loss: 0.5166 - acc: 0.7414
2304/2417 [===========================>..] - ETA: 0s - loss: 0.5130 - acc: 0.7400
2417/2417 [==============================] - 0s 175us/step - loss: 0.5118 - acc: 0.7414 - val_loss: 0.5368 - val_acc: 0.7212

Epoch 00008: val_acc did not improve from 0.72862
Epoch 9/10

  64/2417 [..............................] - ETA: 0s - loss: 0.4948 - acc: 0.7812
 384/2417 [===>..........................] - ETA: 0s - loss: 0.4882 - acc: 0.7422
 704/2417 [=======>......................] - ETA: 0s - loss: 0.4915 - acc: 0.7330
1024/2417 [===========>..................] - ETA: 0s - loss: 0.4849 - acc: 0.7461
1408/2417 [================>.............] - ETA: 0s - loss: 0.4908 - acc: 0.7386
1728/2417 [====================>.........] - ETA: 0s - loss: 0.4981 - acc: 0.7390
2048/2417 [========================>.....] - ETA: 0s - loss: 0.4951 - acc: 0.7388
2304/2417 [===========================>..] - ETA: 0s - loss: 0.4926 - acc: 0.7361
2417/2417 [==============================] - 0s 177us/step - loss: 0.4876 - acc: 0.7402 - val_loss: 0.5601 - val_acc: 0.7361

Epoch 00009: val_acc improved from 0.72862 to 0.73606, saving model to /data/lyli/Silencer/HepG2/datasets/1679/12D/data_n=20/model/checkpoints_4layer_130-/DNA_model/model_DNA3.hdf5
Epoch 10/10

  64/2417 [..............................] - ETA: 0s - loss: 0.4601 - acc: 0.7812
 384/2417 [===>..........................] - ETA: 0s - loss: 0.4925 - acc: 0.7474
 704/2417 [=======>......................] - ETA: 0s - loss: 0.4881 - acc: 0.7514
 960/2417 [==========>...................] - ETA: 0s - loss: 0.4792 - acc: 0.7510
1280/2417 [==============>...............] - ETA: 0s - loss: 0.4756 - acc: 0.7578
1600/2417 [==================>...........] - ETA: 0s - loss: 0.4874 - acc: 0.7538
1856/2417 [======================>.......] - ETA: 0s - loss: 0.4922 - acc: 0.7516
2176/2417 [==========================>...] - ETA: 0s - loss: 0.4906 - acc: 0.7514
2417/2417 [==============================] - 0s 195us/step - loss: 0.4875 - acc: 0.7538 - val_loss: 0.5404 - val_acc: 0.7100

Epoch 00010: val_acc did not improve from 0.73606
Saved model to disk
ACC: 0.7458893871449925
Sens: 0.7857142857142857
Spec: 0.7057057057057057
MCC: 0.4930842180324172
ROC_AUC: 0.8158068783068784
PRC_ROC: 0.7966372954260521
WARNING:tensorflow:No training configuration found in save file: the model was *not* compiled. Compile it manually.
/data/lyli/Silencer/HepG2/datasets/1679/12D/data_n=20/model/Model_CNN.py:33: UserWarning: Update your `Model` call to the Keras 2 API: `Model(inputs=[<tf.Tenso..., outputs=[<tf.Tenso...)`
  model = Model(input=[input_seq], output=[pred_output])
Fitting first model...
Train on 2418 samples, validate on 269 samples
Epoch 1/10

  64/2418 [..............................] - ETA: 19s - loss: 0.6858 - acc: 0.4844
 384/2418 [===>..........................] - ETA: 3s - loss: 0.6549 - acc: 0.6042 
 640/2418 [======>.......................] - ETA: 1s - loss: 0.6659 - acc: 0.5844
 960/2418 [==========>...................] - ETA: 1s - loss: 0.6486 - acc: 0.6146
1216/2418 [==============>...............] - ETA: 0s - loss: 0.6422 - acc: 0.6192
1472/2418 [=================>............] - ETA: 0s - loss: 0.6293 - acc: 0.6332
1792/2418 [=====================>........] - ETA: 0s - loss: 0.6183 - acc: 0.6462
2112/2418 [=========================>....] - ETA: 0s - loss: 0.6103 - acc: 0.6591
2368/2418 [============================>.] - ETA: 0s - loss: 0.6150 - acc: 0.6558
2418/2418 [==============================] - 1s 445us/step - loss: 0.6120 - acc: 0.6584 - val_loss: 0.5588 - val_acc: 0.6989

Epoch 00001: val_acc improved from -inf to 0.69888, saving model to /data/lyli/Silencer/HepG2/datasets/1679/12D/data_n=20/model/checkpoints_4layer_130-/DNA_model/model_DNA4.hdf5
Epoch 2/10

  64/2418 [..............................] - ETA: 0s - loss: 0.6367 - acc: 0.6094
 320/2418 [==>...........................] - ETA: 0s - loss: 0.6031 - acc: 0.6406
 576/2418 [======>.......................] - ETA: 0s - loss: 0.5705 - acc: 0.6962
 832/2418 [=========>....................] - ETA: 0s - loss: 0.5589 - acc: 0.7127
1088/2418 [============>.................] - ETA: 0s - loss: 0.5740 - acc: 0.7031
1344/2418 [===============>..............] - ETA: 0s - loss: 0.5722 - acc: 0.7061
1600/2418 [==================>...........] - ETA: 0s - loss: 0.5660 - acc: 0.7137
1856/2418 [======================>.......] - ETA: 0s - loss: 0.5664 - acc: 0.7128
2112/2418 [=========================>....] - ETA: 0s - loss: 0.5692 - acc: 0.7102
2418/2418 [==============================] - 1s 211us/step - loss: 0.5683 - acc: 0.7089 - val_loss: 0.5643 - val_acc: 0.6914

Epoch 00002: val_acc did not improve from 0.69888
Epoch 3/10

  64/2418 [..............................] - ETA: 0s - loss: 0.5874 - acc: 0.6406
 384/2418 [===>..........................] - ETA: 0s - loss: 0.5616 - acc: 0.6901
 704/2418 [=======>......................] - ETA: 0s - loss: 0.5565 - acc: 0.6903
1024/2418 [===========>..................] - ETA: 0s - loss: 0.5450 - acc: 0.7041
1344/2418 [===============>..............] - ETA: 0s - loss: 0.5522 - acc: 0.7016
1600/2418 [==================>...........] - ETA: 0s - loss: 0.5515 - acc: 0.7013
1856/2418 [======================>.......] - ETA: 0s - loss: 0.5500 - acc: 0.7058
2176/2418 [=========================>....] - ETA: 0s - loss: 0.5475 - acc: 0.7128
2418/2418 [==============================] - 0s 201us/step - loss: 0.5483 - acc: 0.7138 - val_loss: 0.5575 - val_acc: 0.7175

Epoch 00003: val_acc improved from 0.69888 to 0.71747, saving model to /data/lyli/Silencer/HepG2/datasets/1679/12D/data_n=20/model/checkpoints_4layer_130-/DNA_model/model_DNA4.hdf5
Epoch 4/10

  64/2418 [..............................] - ETA: 0s - loss: 0.5587 - acc: 0.6719
 384/2418 [===>..........................] - ETA: 0s - loss: 0.5157 - acc: 0.7448
 704/2418 [=======>......................] - ETA: 0s - loss: 0.5144 - acc: 0.7415
 960/2418 [==========>...................] - ETA: 0s - loss: 0.5144 - acc: 0.7500
1280/2418 [==============>...............] - ETA: 0s - loss: 0.5272 - acc: 0.7398
1536/2418 [==================>...........] - ETA: 0s - loss: 0.5345 - acc: 0.7350
1792/2418 [=====================>........] - ETA: 0s - loss: 0.5410 - acc: 0.7243
2112/2418 [=========================>....] - ETA: 0s - loss: 0.5392 - acc: 0.7235
2418/2418 [==============================] - 0s 202us/step - loss: 0.5424 - acc: 0.7258 - val_loss: 0.5347 - val_acc: 0.7175

Epoch 00004: val_acc did not improve from 0.71747
Epoch 5/10

  64/2418 [..............................] - ETA: 0s - loss: 0.5063 - acc: 0.7969
 320/2418 [==>...........................] - ETA: 0s - loss: 0.5058 - acc: 0.7500
 640/2418 [======>.......................] - ETA: 0s - loss: 0.5166 - acc: 0.7344
 960/2418 [==========>...................] - ETA: 0s - loss: 0.5199 - acc: 0.7375
1216/2418 [==============>...............] - ETA: 0s - loss: 0.5181 - acc: 0.7352
1536/2418 [==================>...........] - ETA: 0s - loss: 0.5200 - acc: 0.7337
1792/2418 [=====================>........] - ETA: 0s - loss: 0.5277 - acc: 0.7260
2112/2418 [=========================>....] - ETA: 0s - loss: 0.5299 - acc: 0.7268
2418/2418 [==============================] - 0s 195us/step - loss: 0.5259 - acc: 0.7308 - val_loss: 0.5409 - val_acc: 0.6952

Epoch 00005: val_acc did not improve from 0.71747
Epoch 6/10

  64/2418 [..............................] - ETA: 0s - loss: 0.4125 - acc: 0.7500
 384/2418 [===>..........................] - ETA: 0s - loss: 0.4875 - acc: 0.7474
 704/2418 [=======>......................] - ETA: 0s - loss: 0.5048 - acc: 0.7415
1024/2418 [===========>..................] - ETA: 0s - loss: 0.5071 - acc: 0.7402
1344/2418 [===============>..............] - ETA: 0s - loss: 0.4974 - acc: 0.7493
1664/2418 [===================>..........] - ETA: 0s - loss: 0.5016 - acc: 0.7536
1920/2418 [======================>.......] - ETA: 0s - loss: 0.5094 - acc: 0.7411
2240/2418 [==========================>...] - ETA: 0s - loss: 0.5085 - acc: 0.7438
2418/2418 [==============================] - 0s 193us/step - loss: 0.5093 - acc: 0.7415 - val_loss: 0.5464 - val_acc: 0.6877

Epoch 00006: val_acc did not improve from 0.71747
Epoch 7/10

  64/2418 [..............................] - ETA: 0s - loss: 0.5901 - acc: 0.6719
 384/2418 [===>..........................] - ETA: 0s - loss: 0.5103 - acc: 0.7370
 704/2418 [=======>......................] - ETA: 0s - loss: 0.5067 - acc: 0.7500
1024/2418 [===========>..................] - ETA: 0s - loss: 0.5018 - acc: 0.7412
1344/2418 [===============>..............] - ETA: 0s - loss: 0.4936 - acc: 0.7537
1664/2418 [===================>..........] - ETA: 0s - loss: 0.5004 - acc: 0.7476
1984/2418 [=======================>......] - ETA: 0s - loss: 0.4957 - acc: 0.7535
2304/2418 [===========================>..] - ETA: 0s - loss: 0.4946 - acc: 0.7561
2418/2418 [==============================] - 0s 194us/step - loss: 0.4989 - acc: 0.7523 - val_loss: 0.5490 - val_acc: 0.6766

Epoch 00007: val_acc did not improve from 0.71747
Epoch 8/10

  64/2418 [..............................] - ETA: 0s - loss: 0.5384 - acc: 0.6406
 384/2418 [===>..........................] - ETA: 0s - loss: 0.5122 - acc: 0.7240
 704/2418 [=======>......................] - ETA: 0s - loss: 0.5017 - acc: 0.7386
1024/2418 [===========>..................] - ETA: 0s - loss: 0.4991 - acc: 0.7490
1344/2418 [===============>..............] - ETA: 0s - loss: 0.4999 - acc: 0.7470
1664/2418 [===================>..........] - ETA: 0s - loss: 0.4966 - acc: 0.7530
1920/2418 [======================>.......] - ETA: 0s - loss: 0.4912 - acc: 0.7568
2176/2418 [=========================>....] - ETA: 0s - loss: 0.4934 - acc: 0.7560
2418/2418 [==============================] - 0s 196us/step - loss: 0.4915 - acc: 0.7577 - val_loss: 0.5489 - val_acc: 0.7026

Epoch 00008: val_acc did not improve from 0.71747
Epoch 9/10

  64/2418 [..............................] - ETA: 0s - loss: 0.4129 - acc: 0.7812
 384/2418 [===>..........................] - ETA: 0s - loss: 0.4589 - acc: 0.7682
 704/2418 [=======>......................] - ETA: 0s - loss: 0.4590 - acc: 0.7741
1024/2418 [===========>..................] - ETA: 0s - loss: 0.4662 - acc: 0.7715
1344/2418 [===============>..............] - ETA: 0s - loss: 0.4681 - acc: 0.7708
1600/2418 [==================>...........] - ETA: 0s - loss: 0.4736 - acc: 0.7694
1920/2418 [======================>.......] - ETA: 0s - loss: 0.4756 - acc: 0.7698
2240/2418 [==========================>...] - ETA: 0s - loss: 0.4779 - acc: 0.7647
2418/2418 [==============================] - 0s 201us/step - loss: 0.4820 - acc: 0.7618 - val_loss: 0.5362 - val_acc: 0.7063

Epoch 00009: val_acc did not improve from 0.71747
Epoch 10/10

  64/2418 [..............................] - ETA: 0s - loss: 0.5622 - acc: 0.7031
 384/2418 [===>..........................] - ETA: 0s - loss: 0.4551 - acc: 0.7891
 704/2418 [=======>......................] - ETA: 0s - loss: 0.4490 - acc: 0.7841
1024/2418 [===========>..................] - ETA: 0s - loss: 0.4469 - acc: 0.7852
1344/2418 [===============>..............] - ETA: 0s - loss: 0.4518 - acc: 0.7805
1600/2418 [==================>...........] - ETA: 0s - loss: 0.4514 - acc: 0.7769
1856/2418 [======================>.......] - ETA: 0s - loss: 0.4551 - acc: 0.7753
2176/2418 [=========================>....] - ETA: 0s - loss: 0.4584 - acc: 0.7767
2418/2418 [==============================] - 0s 201us/step - loss: 0.4633 - acc: 0.7730 - val_loss: 0.5496 - val_acc: 0.7175

Epoch 00010: val_acc did not improve from 0.71747
Saved model to disk
ACC: 0.672645739910314
Sens: 0.5735735735735735
Spec: 0.7708333333333334
MCC: 0.35141801763973024
ROC_AUC: 0.7754540254540254
PRC_ROC: 0.7442551792710832
WARNING:tensorflow:No training configuration found in save file: the model was *not* compiled. Compile it manually.
/data/lyli/Silencer/HepG2/datasets/1679/12D/data_n=20/model/Model_CNN.py:33: UserWarning: Update your `Model` call to the Keras 2 API: `Model(inputs=[<tf.Tenso..., outputs=[<tf.Tenso...)`
  model = Model(input=[input_seq], output=[pred_output])
Fitting first model...
Train on 2418 samples, validate on 269 samples
Epoch 1/10

  64/2418 [..............................] - ETA: 23s - loss: 0.6751 - acc: 0.6094
 320/2418 [==>...........................] - ETA: 4s - loss: 0.6615 - acc: 0.6062 
 576/2418 [======>.......................] - ETA: 2s - loss: 0.6383 - acc: 0.6476
 832/2418 [=========>....................] - ETA: 1s - loss: 0.6303 - acc: 0.6466
1152/2418 [=============>................] - ETA: 0s - loss: 0.6116 - acc: 0.6641
1408/2418 [================>.............] - ETA: 0s - loss: 0.6137 - acc: 0.6641
1664/2418 [===================>..........] - ETA: 0s - loss: 0.6102 - acc: 0.6707
1920/2418 [======================>.......] - ETA: 0s - loss: 0.6062 - acc: 0.6714
2240/2418 [==========================>...] - ETA: 0s - loss: 0.6008 - acc: 0.6754
2418/2418 [==============================] - 1s 495us/step - loss: 0.5965 - acc: 0.6766 - val_loss: 0.5683 - val_acc: 0.6431

Epoch 00001: val_acc improved from -inf to 0.64312, saving model to /data/lyli/Silencer/HepG2/datasets/1679/12D/data_n=20/model/checkpoints_4layer_130-/DNA_model/model_DNA5.hdf5
Epoch 2/10

  64/2418 [..............................] - ETA: 0s - loss: 0.5439 - acc: 0.7188
 384/2418 [===>..........................] - ETA: 0s - loss: 0.5866 - acc: 0.6927
 704/2418 [=======>......................] - ETA: 0s - loss: 0.5598 - acc: 0.7116
1024/2418 [===========>..................] - ETA: 0s - loss: 0.5698 - acc: 0.7070
1408/2418 [================>.............] - ETA: 0s - loss: 0.5633 - acc: 0.7095
1728/2418 [====================>.........] - ETA: 0s - loss: 0.5524 - acc: 0.7193
2048/2418 [========================>.....] - ETA: 0s - loss: 0.5592 - acc: 0.7129
2418/2418 [==============================] - 0s 166us/step - loss: 0.5606 - acc: 0.7080 - val_loss: 0.5579 - val_acc: 0.6654

Epoch 00002: val_acc improved from 0.64312 to 0.66543, saving model to /data/lyli/Silencer/HepG2/datasets/1679/12D/data_n=20/model/checkpoints_4layer_130-/DNA_model/model_DNA5.hdf5
Epoch 3/10

  64/2418 [..............................] - ETA: 0s - loss: 0.5733 - acc: 0.6875
 384/2418 [===>..........................] - ETA: 0s - loss: 0.5519 - acc: 0.7292
 704/2418 [=======>......................] - ETA: 0s - loss: 0.5482 - acc: 0.7060
1024/2418 [===========>..................] - ETA: 0s - loss: 0.5344 - acc: 0.7197
1344/2418 [===============>..............] - ETA: 0s - loss: 0.5374 - acc: 0.7173
1664/2418 [===================>..........] - ETA: 0s - loss: 0.5404 - acc: 0.7127
1984/2418 [=======================>......] - ETA: 0s - loss: 0.5338 - acc: 0.7193
2368/2418 [============================>.] - ETA: 0s - loss: 0.5344 - acc: 0.7221
2418/2418 [==============================] - 0s 173us/step - loss: 0.5344 - acc: 0.7221 - val_loss: 0.5684 - val_acc: 0.6506

Epoch 00003: val_acc did not improve from 0.66543
Epoch 4/10

  64/2418 [..............................] - ETA: 0s - loss: 0.5234 - acc: 0.7031
 384/2418 [===>..........................] - ETA: 0s - loss: 0.5037 - acc: 0.7760
 704/2418 [=======>......................] - ETA: 0s - loss: 0.5186 - acc: 0.7486
1024/2418 [===========>..................] - ETA: 0s - loss: 0.5087 - acc: 0.7500
1344/2418 [===============>..............] - ETA: 0s - loss: 0.5070 - acc: 0.7500
1664/2418 [===================>..........] - ETA: 0s - loss: 0.5088 - acc: 0.7524
1984/2418 [=======================>......] - ETA: 0s - loss: 0.5162 - acc: 0.7450
2304/2418 [===========================>..] - ETA: 0s - loss: 0.5178 - acc: 0.7431
2418/2418 [==============================] - 0s 173us/step - loss: 0.5203 - acc: 0.7395 - val_loss: 0.5986 - val_acc: 0.6617

Epoch 00004: val_acc did not improve from 0.66543
Epoch 5/10

  64/2418 [..............................] - ETA: 0s - loss: 0.4492 - acc: 0.7812
 384/2418 [===>..........................] - ETA: 0s - loss: 0.4790 - acc: 0.7656
 704/2418 [=======>......................] - ETA: 0s - loss: 0.4983 - acc: 0.7500
1024/2418 [===========>..................] - ETA: 0s - loss: 0.5090 - acc: 0.7451
1344/2418 [===============>..............] - ETA: 0s - loss: 0.5094 - acc: 0.7455
1728/2418 [====================>.........] - ETA: 0s - loss: 0.5160 - acc: 0.7326
2112/2418 [=========================>....] - ETA: 0s - loss: 0.5159 - acc: 0.7339
2418/2418 [==============================] - 0s 162us/step - loss: 0.5146 - acc: 0.7374 - val_loss: 0.5612 - val_acc: 0.6506

Epoch 00005: val_acc did not improve from 0.66543
Epoch 6/10

  64/2418 [..............................] - ETA: 0s - loss: 0.3949 - acc: 0.8125
 448/2418 [====>.........................] - ETA: 0s - loss: 0.4508 - acc: 0.7902
 832/2418 [=========>....................] - ETA: 0s - loss: 0.4897 - acc: 0.7740
1216/2418 [==============>...............] - ETA: 0s - loss: 0.4789 - acc: 0.7714
1600/2418 [==================>...........] - ETA: 0s - loss: 0.4939 - acc: 0.7600
1984/2418 [=======================>......] - ETA: 0s - loss: 0.4969 - acc: 0.7591
2304/2418 [===========================>..] - ETA: 0s - loss: 0.4937 - acc: 0.7617
2418/2418 [==============================] - 0s 167us/step - loss: 0.4982 - acc: 0.7593 - val_loss: 0.5647 - val_acc: 0.6877

Epoch 00006: val_acc improved from 0.66543 to 0.68773, saving model to /data/lyli/Silencer/HepG2/datasets/1679/12D/data_n=20/model/checkpoints_4layer_130-/DNA_model/model_DNA5.hdf5
Epoch 7/10

  64/2418 [..............................] - ETA: 0s - loss: 0.4797 - acc: 0.7344
 448/2418 [====>.........................] - ETA: 0s - loss: 0.4811 - acc: 0.7411
 832/2418 [=========>....................] - ETA: 0s - loss: 0.4808 - acc: 0.7668
1152/2418 [=============>................] - ETA: 0s - loss: 0.4670 - acc: 0.7726
1472/2418 [=================>............] - ETA: 0s - loss: 0.4667 - acc: 0.7677
1792/2418 [=====================>........] - ETA: 0s - loss: 0.4692 - acc: 0.7706
2176/2418 [=========================>....] - ETA: 0s - loss: 0.4742 - acc: 0.7656
2418/2418 [==============================] - 0s 165us/step - loss: 0.4710 - acc: 0.7705 - val_loss: 0.6059 - val_acc: 0.6543

Epoch 00007: val_acc did not improve from 0.68773
Epoch 8/10

  64/2418 [..............................] - ETA: 0s - loss: 0.4044 - acc: 0.8594
 384/2418 [===>..........................] - ETA: 0s - loss: 0.4271 - acc: 0.7708
 704/2418 [=======>......................] - ETA: 0s - loss: 0.4613 - acc: 0.7670
1088/2418 [============>.................] - ETA: 0s - loss: 0.4577 - acc: 0.7693
1472/2418 [=================>............] - ETA: 0s - loss: 0.4635 - acc: 0.7656
1792/2418 [=====================>........] - ETA: 0s - loss: 0.4584 - acc: 0.7690
2176/2418 [=========================>....] - ETA: 0s - loss: 0.4563 - acc: 0.7721
2418/2418 [==============================] - 0s 165us/step - loss: 0.4580 - acc: 0.7688 - val_loss: 0.6325 - val_acc: 0.6617

Epoch 00008: val_acc did not improve from 0.68773
Epoch 9/10

  64/2418 [..............................] - ETA: 0s - loss: 0.3384 - acc: 0.8438
 384/2418 [===>..........................] - ETA: 0s - loss: 0.3978 - acc: 0.8177
 704/2418 [=======>......................] - ETA: 0s - loss: 0.4108 - acc: 0.8168
1024/2418 [===========>..................] - ETA: 0s - loss: 0.4079 - acc: 0.8135
1344/2418 [===============>..............] - ETA: 0s - loss: 0.4058 - acc: 0.8155
1664/2418 [===================>..........] - ETA: 0s - loss: 0.4148 - acc: 0.8071
1984/2418 [=======================>......] - ETA: 0s - loss: 0.4283 - acc: 0.7969
2304/2418 [===========================>..] - ETA: 0s - loss: 0.4372 - acc: 0.7925
2418/2418 [==============================] - 0s 189us/step - loss: 0.4383 - acc: 0.7911 - val_loss: 0.5958 - val_acc: 0.6543

Epoch 00009: val_acc did not improve from 0.68773
Epoch 10/10

  64/2418 [..............................] - ETA: 0s - loss: 0.4144 - acc: 0.8281
 384/2418 [===>..........................] - ETA: 0s - loss: 0.3998 - acc: 0.8073
 704/2418 [=======>......................] - ETA: 0s - loss: 0.4114 - acc: 0.7940
 960/2418 [==========>...................] - ETA: 0s - loss: 0.4023 - acc: 0.8000
1280/2418 [==============>...............] - ETA: 0s - loss: 0.4007 - acc: 0.8000
1600/2418 [==================>...........] - ETA: 0s - loss: 0.4146 - acc: 0.7963
1920/2418 [======================>.......] - ETA: 0s - loss: 0.4186 - acc: 0.7937
2240/2418 [==========================>...] - ETA: 0s - loss: 0.4228 - acc: 0.7915
2418/2418 [==============================] - 0s 196us/step - loss: 0.4230 - acc: 0.7907 - val_loss: 0.7268 - val_acc: 0.6320

Epoch 00010: val_acc did not improve from 0.68773
Saved model to disk
ACC: 0.7055306427503737
Sens: 0.8203592814371258
Spec: 0.591044776119403
MCC: 0.42260384461325473
ROC_AUC: 0.7896684243453391
PRC_ROC: 0.7601434598334822
ACC_average: 0.7061285500747385
Sens_average: 0.7520008567164256
Spec_average: 0.6597630092779346
MCC_average: 0.42057144954162595
ROC_average: 0.7884946029299859
PRC_average: 0.7597777782394031
