ACC: 0.7219730941704036
Sens: 0.7113095238095238
Spec: 0.7327327327327328
MCC: 0.44412165046313673
ROC_AUC: 0.8154046904046904
PRC_ROC: 0.8389181777605377

ACC: 0.7294469357249627
Sens: 0.6785714285714286
Spec: 0.7807807807807807
MCC: 0.4616686749217048
ROC_AUC: 0.8238953238953239
PRC_ROC: 0.8232606927650977

ACC: 0.7668161434977578
Sens: 0.6755952380952381
Spec: 0.8588588588588588
MCC: 0.5434108891736474
ROC_AUC: 0.8551408551408551
PRC_ROC: 0.8663990940320881

ACC: 0.7414050822122571
Sens: 0.6726726726726727
Spec: 0.8095238095238095
MCC: 0.48691938122202927
ROC_AUC: 0.8373328685828686
PRC_ROC: 0.8439787973047435

ACC: 0.7698056801195815
Sens: 0.8143712574850299
Spec: 0.7253731343283583
MCC: 0.5418550982416697
ROC_AUC: 0.8601304852980607
PRC_ROC: 0.8657684654298019
ACC_average: 0.7458893871449924
Sens_average: 0.7105040241267787
Spec_average: 0.7814538632449081
MCC_average: 0.4955951388044376
ROC_average: 0.8383808446643599
PRC_average: 0.8476650454584538